<?xml version="1.0" encoding="UTF-8"?>
<!-- Generated by org.testng.reporters.JUnitReportReporter -->
<testsuite hostname="DESKTOP-CJEOGTC" failures="0" tests="2" name="cucumberRunner.ShoppingDemoRunner" time="164.652" errors="0" timestamp="2022-07-28T10:11:10 IST" skipped="0">
  <testcase classname="cucumberRunner.ShoppingDemoRunner" name="runScenario" time="150.440"/>
  <system-out/>
  <testcase classname="cucumberRunner.ShoppingDemoRunner" name="runScenario" time="14.212"/>
  <system-out/>
</testsuite> <!-- cucumberRunner.ShoppingDemoRunner -->
